<?xml version="1.0" encoding="UTF-8"?>
<testsuite name="com.maximuminteger.TestMaximum" tests="1" skipped="0" failures="0" errors="0" timestamp="2019-11-29T07:21:37" hostname="admin1-desktop" time="0.001">
  <properties/>
  <testcase name="givenMessage_CheckToThreeString_ReturnMaximum" classname="com.maximuminteger.TestMaximum" time="0.001"/>
  <system-out><![CDATA[]]></system-out>
  <system-err><![CDATA[]]></system-err>
</testsuite>
