<?xml version="1.0" encoding="UTF-8"?>
<testsuite name="com.maximuminteger.TestMaximum" tests="1" skipped="0" failures="0" errors="0" timestamp="2019-11-28T13:43:51" hostname="admin1-desktop" time="0.004">
  <properties/>
  <testcase name="givenMessage_CheckToThreeFloat_ReturnMaximum" classname="com.maximuminteger.TestMaximum" time="0.004"/>
  <system-out><![CDATA[max value is 8.9
]]></system-out>
  <system-err><![CDATA[]]></system-err>
</testsuite>
